<?xml version="1.0" encoding="UTF-8"?>
<!-- Generated by org.testng.reporters.JUnitReportReporter -->
<testsuite name="testCases.ExecuteTest" tests="1" time="12.568" ignored="0" failures="0" timestamp="15 Nov 2019 06:34:46 GMT" skipped="0" hostname="HIBACL131408" errors="0">
  <testcase name="testLogin" time="12.568" classname="testCases.ExecuteTest"/>
</testsuite> <!-- testCases.ExecuteTest -->
