<?xml version="1.0" encoding="UTF-8"?>
<!-- Generated by org.testng.reporters.JUnitReportReporter -->
<testsuite skipped="0" hostname="DESKTOP-9MISMLV" name="testCases.ExecuteTest_Local" tests="1" failures="0" timestamp="27 Dec 2019 11:16:48 GMT" time="9.719" errors="0">
  <testcase name="testLogin" time="9.719" classname="testCases.ExecuteTest_Local"/>
</testsuite> <!-- testCases.ExecuteTest_Local -->
