<?xml version="1.0" encoding="UTF-8"?>
<!-- Generated by org.testng.reporters.JUnitReportReporter -->
<testsuite name="testCases.Find_a_Flight_3_3_1" tests="1" time="9.293" ignored="0" failures="0" timestamp="15 Nov 2019 06:42:37 GMT" skipped="0" hostname="HIBACL131408" errors="0">
  <testcase name="testLogin" time="9.293" classname="testCases.Find_a_Flight_3_3_1"/>
</testsuite> <!-- testCases.Find_a_Flight_3_3_1 -->
