<?xml version="1.0" encoding="UTF-8"?>
<!-- Generated by org.testng.reporters.JUnitReportReporter -->
<testsuite name="testCases.ExecuteTest_WithDataDriven" tests="3" time="54.369" ignored="0" failures="0" timestamp="30 Nov 2019 06:13:42 GMT" skipped="0" hostname="HIBACL131408" errors="0">
  <testcase name="testLogin" time="23.041" classname="testCases.ExecuteTest_WithDataDriven"/>
  <testcase name="testLogin" time="15.827" classname="testCases.ExecuteTest_WithDataDriven"/>
  <testcase name="testLogin" time="15.501" classname="testCases.ExecuteTest_WithDataDriven"/>
</testsuite> <!-- testCases.ExecuteTest_WithDataDriven -->
